--- MusaX Trace Log: examples/fx_test.Z8A ---
T:1 | CH:0 | PC:000 | VOLUME val:10
T:1 | CH:0 | PC:002 | INST id:0
T:1 | CH:0 | PC:004 | NOTE C-4 wait:768
T:1 | CH:1 | PC:000 | VOLUME val:8
T:1 | CH:1 | PC:002 | INST id:0
T:1 | CH:1 | PC:004 | NOTE E-4 wait:768
T:1 | CH:2 | PC:000 | VOLUME val:12
T:1 | CH:2 | PC:002 | INST id:0
T:1 | CH:2 | PC:004 | END OF STREAM
T:769 | CH:0 | PC:007 | NOTE D-4 wait:768
T:769 | CH:1 | PC:007 | NOTE G-4 wait:768
T:1537 | CH:0 | PC:00A | NOTE E-4 wait:768
T:1537 | CH:1 | PC:000 | VOLUME val:8
T:1537 | CH:1 | PC:002 | INST id:0
T:1537 | CH:1 | PC:004 | NOTE E-4 wait:768
T:2305 | CH:0 | PC:00D | NOTE F-4 wait:768
T:2305 | CH:1 | PC:007 | NOTE G-4 wait:768
T:3073 | --- GLOBAL LOOP 1 COMPLETED ---
T:3073 | CH:0 | PC:000 | VOLUME val:10
T:3073 | CH:0 | PC:002 | INST id:0
T:3073 | CH:0 | PC:004 | NOTE C-4 wait:768
T:3073 | CH:1 | PC:000 | VOLUME val:8
T:3073 | CH:1 | PC:002 | INST id:0
T:3073 | CH:1 | PC:004 | NOTE E-4 wait:768
T:3841 | CH:0 | PC:007 | NOTE D-4 wait:768
T:3841 | CH:1 | PC:007 | NOTE G-4 wait:768
T:4609 | CH:0 | PC:00A | NOTE E-4 wait:768
T:4609 | CH:1 | PC:000 | VOLUME val:8
T:4609 | CH:1 | PC:002 | INST id:0
T:4609 | CH:1 | PC:004 | NOTE E-4 wait:768
T:5377 | CH:0 | PC:00D | NOTE F-4 wait:768
T:5377 | CH:1 | PC:007 | NOTE G-4 wait:768
T:6145 | CH:0 | PC:000 | VOLUME val:10
T:6145 | CH:0 | PC:002 | INST id:0
T:6145 | CH:0 | PC:004 | NOTE C-4 wait:768
T:6145 | CH:1 | PC:000 | VOLUME val:8
T:6145 | CH:1 | PC:002 | INST id:0
T:6145 | CH:1 | PC:004 | NOTE E-4 wait:768
T:6913 | CH:0 | PC:007 | NOTE D-4 wait:768
T:6913 | CH:1 | PC:007 | NOTE G-4 wait:768
T:7681 | CH:0 | PC:00A | NOTE E-4 wait:768
T:7681 | CH:1 | PC:000 | VOLUME val:8
T:7681 | CH:1 | PC:002 | INST id:0
T:7681 | CH:1 | PC:004 | NOTE E-4 wait:768
T:8449 | CH:0 | PC:00D | NOTE F-4 wait:768
T:8449 | CH:1 | PC:007 | NOTE G-4 wait:768
T:9217 | CH:0 | PC:000 | VOLUME val:10
T:9217 | CH:0 | PC:002 | INST id:0
T:9217 | CH:0 | PC:004 | NOTE C-4 wait:768
T:9217 | CH:1 | PC:000 | VOLUME val:8
T:9217 | CH:1 | PC:002 | INST id:0
T:9217 | CH:1 | PC:004 | NOTE E-4 wait:768
T:9985 | CH:0 | PC:007 | NOTE D-4 wait:768
T:9985 | CH:1 | PC:007 | NOTE G-4 wait:768
T:10753 | CH:0 | PC:00A | NOTE E-4 wait:768
T:10753 | CH:1 | PC:000 | VOLUME val:8
T:10753 | CH:1 | PC:002 | INST id:0
T:10753 | CH:1 | PC:004 | NOTE E-4 wait:768
T:11521 | CH:0 | PC:00D | NOTE F-4 wait:768
T:11521 | CH:1 | PC:007 | NOTE G-4 wait:768
T:12289 | CH:0 | PC:000 | VOLUME val:10
T:12289 | CH:0 | PC:002 | INST id:0
T:12289 | CH:0 | PC:004 | NOTE C-4 wait:768
T:12289 | CH:1 | PC:000 | VOLUME val:8
T:12289 | CH:1 | PC:002 | INST id:0
T:12289 | CH:1 | PC:004 | NOTE E-4 wait:768
T:13057 | CH:0 | PC:007 | NOTE D-4 wait:768
T:13057 | CH:1 | PC:007 | NOTE G-4 wait:768
T:13825 | CH:0 | PC:00A | NOTE E-4 wait:768
T:13825 | CH:1 | PC:000 | VOLUME val:8
T:13825 | CH:1 | PC:002 | INST id:0
T:13825 | CH:1 | PC:004 | NOTE E-4 wait:768
T:14593 | CH:0 | PC:00D | NOTE F-4 wait:768
T:14593 | CH:1 | PC:007 | NOTE G-4 wait:768
T:15361 | CH:0 | PC:000 | VOLUME val:10
T:15361 | CH:0 | PC:002 | INST id:0
T:15361 | CH:0 | PC:004 | NOTE C-4 wait:768
T:15361 | CH:1 | PC:000 | VOLUME val:8
T:15361 | CH:1 | PC:002 | INST id:0
T:15361 | CH:1 | PC:004 | NOTE E-4 wait:768
T:16129 | CH:0 | PC:007 | NOTE D-4 wait:768
T:16129 | CH:1 | PC:007 | NOTE G-4 wait:768
T:16897 | CH:0 | PC:00A | NOTE E-4 wait:768
T:16897 | CH:1 | PC:000 | VOLUME val:8
T:16897 | CH:1 | PC:002 | INST id:0
T:16897 | CH:1 | PC:004 | NOTE E-4 wait:768
T:17665 | CH:0 | PC:00D | NOTE F-4 wait:768
T:17665 | CH:1 | PC:007 | NOTE G-4 wait:768
T:18433 | CH:0 | PC:000 | VOLUME val:10
T:18433 | CH:0 | PC:002 | INST id:0
T:18433 | CH:0 | PC:004 | NOTE C-4 wait:768
T:18433 | CH:1 | PC:000 | VOLUME val:8
T:18433 | CH:1 | PC:002 | INST id:0
T:18433 | CH:1 | PC:004 | NOTE E-4 wait:768
T:19201 | CH:0 | PC:007 | NOTE D-4 wait:768
T:19201 | CH:1 | PC:007 | NOTE G-4 wait:768
T:19969 | CH:0 | PC:00A | NOTE E-4 wait:768
T:19969 | CH:1 | PC:000 | VOLUME val:8
T:19969 | CH:1 | PC:002 | INST id:0
T:19969 | CH:1 | PC:004 | NOTE E-4 wait:768
T:20737 | CH:0 | PC:00D | NOTE F-4 wait:768
T:20737 | CH:1 | PC:007 | NOTE G-4 wait:768
T:21505 | CH:0 | PC:000 | VOLUME val:10
T:21505 | CH:0 | PC:002 | INST id:0
T:21505 | CH:0 | PC:004 | NOTE C-4 wait:768
T:21505 | CH:1 | PC:000 | VOLUME val:8
T:21505 | CH:1 | PC:002 | INST id:0
T:21505 | CH:1 | PC:004 | NOTE E-4 wait:768
T:22273 | CH:0 | PC:007 | NOTE D-4 wait:768
T:22273 | CH:1 | PC:007 | NOTE G-4 wait:768
T:23041 | CH:0 | PC:00A | NOTE E-4 wait:768
T:23041 | CH:1 | PC:000 | VOLUME val:8
T:23041 | CH:1 | PC:002 | INST id:0
T:23041 | CH:1 | PC:004 | NOTE E-4 wait:768
T:23809 | CH:0 | PC:00D | NOTE F-4 wait:768
T:23809 | CH:1 | PC:007 | NOTE G-4 wait:768
T:24577 | CH:0 | PC:000 | VOLUME val:10
T:24577 | CH:0 | PC:002 | INST id:0
T:24577 | CH:0 | PC:004 | NOTE C-4 wait:768
T:24577 | CH:1 | PC:000 | VOLUME val:8
T:24577 | CH:1 | PC:002 | INST id:0
T:24577 | CH:1 | PC:004 | NOTE E-4 wait:768
T:25345 | CH:0 | PC:007 | NOTE D-4 wait:768
T:25345 | CH:1 | PC:007 | NOTE G-4 wait:768
T:26113 | CH:0 | PC:00A | NOTE E-4 wait:768
T:26113 | CH:1 | PC:000 | VOLUME val:8
T:26113 | CH:1 | PC:002 | INST id:0
T:26113 | CH:1 | PC:004 | NOTE E-4 wait:768
T:26881 | CH:0 | PC:00D | NOTE F-4 wait:768
T:26881 | CH:1 | PC:007 | NOTE G-4 wait:768
T:27649 | CH:0 | PC:000 | VOLUME val:10
T:27649 | CH:0 | PC:002 | INST id:0
T:27649 | CH:0 | PC:004 | NOTE C-4 wait:768
T:27649 | CH:1 | PC:000 | VOLUME val:8
T:27649 | CH:1 | PC:002 | INST id:0
T:27649 | CH:1 | PC:004 | NOTE E-4 wait:768
T:28417 | CH:0 | PC:007 | NOTE D-4 wait:768
T:28417 | CH:1 | PC:007 | NOTE G-4 wait:768
T:29185 | CH:0 | PC:00A | NOTE E-4 wait:768
T:29185 | CH:1 | PC:000 | VOLUME val:8
T:29185 | CH:1 | PC:002 | INST id:0
T:29185 | CH:1 | PC:004 | NOTE E-4 wait:768
T:29953 | CH:0 | PC:00D | NOTE F-4 wait:768
T:29953 | CH:1 | PC:007 | NOTE G-4 wait:768
T:30721 | CH:0 | PC:000 | VOLUME val:10
T:30721 | CH:0 | PC:002 | INST id:0
T:30721 | CH:0 | PC:004 | NOTE C-4 wait:768
T:30721 | CH:1 | PC:000 | VOLUME val:8
T:30721 | CH:1 | PC:002 | INST id:0
T:30721 | CH:1 | PC:004 | NOTE E-4 wait:768
T:31489 | CH:0 | PC:007 | NOTE D-4 wait:768
T:31489 | CH:1 | PC:007 | NOTE G-4 wait:768
T:32257 | CH:0 | PC:00A | NOTE E-4 wait:768
T:32257 | CH:1 | PC:000 | VOLUME val:8
T:32257 | CH:1 | PC:002 | INST id:0
T:32257 | CH:1 | PC:004 | NOTE E-4 wait:768
T:33025 | CH:0 | PC:00D | NOTE F-4 wait:768
T:33025 | CH:1 | PC:007 | NOTE G-4 wait:768
T:33793 | CH:0 | PC:000 | VOLUME val:10
T:33793 | CH:0 | PC:002 | INST id:0
T:33793 | CH:0 | PC:004 | NOTE C-4 wait:768
T:33793 | CH:1 | PC:000 | VOLUME val:8
T:33793 | CH:1 | PC:002 | INST id:0
T:33793 | CH:1 | PC:004 | NOTE E-4 wait:768
T:34561 | CH:0 | PC:007 | NOTE D-4 wait:768
T:34561 | CH:1 | PC:007 | NOTE G-4 wait:768
T:35329 | CH:0 | PC:00A | NOTE E-4 wait:768
T:35329 | CH:1 | PC:000 | VOLUME val:8
T:35329 | CH:1 | PC:002 | INST id:0
T:35329 | CH:1 | PC:004 | NOTE E-4 wait:768
T:36097 | CH:0 | PC:00D | NOTE F-4 wait:768
T:36097 | CH:1 | PC:007 | NOTE G-4 wait:768
T:36865 | CH:0 | PC:000 | VOLUME val:10
T:36865 | CH:0 | PC:002 | INST id:0
T:36865 | CH:0 | PC:004 | NOTE C-4 wait:768
T:36865 | CH:1 | PC:000 | VOLUME val:8
T:36865 | CH:1 | PC:002 | INST id:0
T:36865 | CH:1 | PC:004 | NOTE E-4 wait:768
T:37633 | CH:0 | PC:007 | NOTE D-4 wait:768
T:37633 | CH:1 | PC:007 | NOTE G-4 wait:768
T:38401 | CH:0 | PC:00A | NOTE E-4 wait:768
T:38401 | CH:1 | PC:000 | VOLUME val:8
T:38401 | CH:1 | PC:002 | INST id:0
T:38401 | CH:1 | PC:004 | NOTE E-4 wait:768
T:39169 | CH:0 | PC:00D | NOTE F-4 wait:768
T:39169 | CH:1 | PC:007 | NOTE G-4 wait:768
T:39937 | CH:0 | PC:000 | VOLUME val:10
T:39937 | CH:0 | PC:002 | INST id:0
T:39937 | CH:0 | PC:004 | NOTE C-4 wait:768
T:39937 | CH:1 | PC:000 | VOLUME val:8
T:39937 | CH:1 | PC:002 | INST id:0
T:39937 | CH:1 | PC:004 | NOTE E-4 wait:768
T:40705 | CH:0 | PC:007 | NOTE D-4 wait:768
T:40705 | CH:1 | PC:007 | NOTE G-4 wait:768
T:41473 | CH:0 | PC:00A | NOTE E-4 wait:768
T:41473 | CH:1 | PC:000 | VOLUME val:8
T:41473 | CH:1 | PC:002 | INST id:0
T:41473 | CH:1 | PC:004 | NOTE E-4 wait:768
T:42241 | CH:0 | PC:00D | NOTE F-4 wait:768
T:42241 | CH:1 | PC:007 | NOTE G-4 wait:768
T:43009 | CH:0 | PC:000 | VOLUME val:10
T:43009 | CH:0 | PC:002 | INST id:0
T:43009 | CH:0 | PC:004 | NOTE C-4 wait:768
T:43009 | CH:1 | PC:000 | VOLUME val:8
T:43009 | CH:1 | PC:002 | INST id:0
T:43009 | CH:1 | PC:004 | NOTE E-4 wait:768
T:43777 | CH:0 | PC:007 | NOTE D-4 wait:768
T:43777 | CH:1 | PC:007 | NOTE G-4 wait:768
T:44545 | CH:0 | PC:00A | NOTE E-4 wait:768
T:44545 | CH:1 | PC:000 | VOLUME val:8
T:44545 | CH:1 | PC:002 | INST id:0
T:44545 | CH:1 | PC:004 | NOTE E-4 wait:768
T:45313 | CH:0 | PC:00D | NOTE F-4 wait:768
T:45313 | CH:1 | PC:007 | NOTE G-4 wait:768
T:46081 | CH:0 | PC:000 | VOLUME val:10
T:46081 | CH:0 | PC:002 | INST id:0
T:46081 | CH:0 | PC:004 | NOTE C-4 wait:768
T:46081 | CH:1 | PC:000 | VOLUME val:8
T:46081 | CH:1 | PC:002 | INST id:0
T:46081 | CH:1 | PC:004 | NOTE E-4 wait:768
T:46849 | CH:0 | PC:007 | NOTE D-4 wait:768
T:46849 | CH:1 | PC:007 | NOTE G-4 wait:768
T:47617 | CH:0 | PC:00A | NOTE E-4 wait:768
T:47617 | CH:1 | PC:000 | VOLUME val:8
T:47617 | CH:1 | PC:002 | INST id:0
T:47617 | CH:1 | PC:004 | NOTE E-4 wait:768
T:48385 | CH:0 | PC:00D | NOTE F-4 wait:768
T:48385 | CH:1 | PC:007 | NOTE G-4 wait:768
T:49153 | CH:0 | PC:000 | VOLUME val:10
T:49153 | CH:0 | PC:002 | INST id:0
T:49153 | CH:0 | PC:004 | NOTE C-4 wait:768
T:49153 | CH:1 | PC:000 | VOLUME val:8
T:49153 | CH:1 | PC:002 | INST id:0
T:49153 | CH:1 | PC:004 | NOTE E-4 wait:768
T:49921 | CH:0 | PC:007 | NOTE D-4 wait:768
T:49921 | CH:1 | PC:007 | NOTE G-4 wait:768
T:50689 | CH:0 | PC:00A | NOTE E-4 wait:768
T:50689 | CH:1 | PC:000 | VOLUME val:8
T:50689 | CH:1 | PC:002 | INST id:0
T:50689 | CH:1 | PC:004 | NOTE E-4 wait:768
T:51457 | CH:0 | PC:00D | NOTE F-4 wait:768
T:51457 | CH:1 | PC:007 | NOTE G-4 wait:768
T:52225 | CH:0 | PC:000 | VOLUME val:10
T:52225 | CH:0 | PC:002 | INST id:0
T:52225 | CH:0 | PC:004 | NOTE C-4 wait:768
T:52225 | CH:1 | PC:000 | VOLUME val:8
T:52225 | CH:1 | PC:002 | INST id:0
T:52225 | CH:1 | PC:004 | NOTE E-4 wait:768
T:52993 | CH:0 | PC:007 | NOTE D-4 wait:768
T:52993 | CH:1 | PC:007 | NOTE G-4 wait:768
T:53761 | CH:0 | PC:00A | NOTE E-4 wait:768
T:53761 | CH:1 | PC:000 | VOLUME val:8
T:53761 | CH:1 | PC:002 | INST id:0
T:53761 | CH:1 | PC:004 | NOTE E-4 wait:768
T:54529 | CH:0 | PC:00D | NOTE F-4 wait:768
T:54529 | CH:1 | PC:007 | NOTE G-4 wait:768
T:55297 | CH:0 | PC:000 | VOLUME val:10
T:55297 | CH:0 | PC:002 | INST id:0
T:55297 | CH:0 | PC:004 | NOTE C-4 wait:768
T:55297 | CH:1 | PC:000 | VOLUME val:8
T:55297 | CH:1 | PC:002 | INST id:0
T:55297 | CH:1 | PC:004 | NOTE E-4 wait:768
T:56065 | CH:0 | PC:007 | NOTE D-4 wait:768
T:56065 | CH:1 | PC:007 | NOTE G-4 wait:768
T:56833 | CH:0 | PC:00A | NOTE E-4 wait:768
T:56833 | CH:1 | PC:000 | VOLUME val:8
T:56833 | CH:1 | PC:002 | INST id:0
T:56833 | CH:1 | PC:004 | NOTE E-4 wait:768
T:57601 | CH:0 | PC:00D | NOTE F-4 wait:768
T:57601 | CH:1 | PC:007 | NOTE G-4 wait:768
T:58369 | CH:0 | PC:000 | VOLUME val:10
T:58369 | CH:0 | PC:002 | INST id:0
T:58369 | CH:0 | PC:004 | NOTE C-4 wait:768
T:58369 | CH:1 | PC:000 | VOLUME val:8
T:58369 | CH:1 | PC:002 | INST id:0
T:58369 | CH:1 | PC:004 | NOTE E-4 wait:768
T:59137 | CH:0 | PC:007 | NOTE D-4 wait:768
T:59137 | CH:1 | PC:007 | NOTE G-4 wait:768
T:59905 | CH:0 | PC:00A | NOTE E-4 wait:768
T:59905 | CH:1 | PC:000 | VOLUME val:8
T:59905 | CH:1 | PC:002 | INST id:0
T:59905 | CH:1 | PC:004 | NOTE E-4 wait:768
T:60673 | CH:0 | PC:00D | NOTE F-4 wait:768
T:60673 | CH:1 | PC:007 | NOTE G-4 wait:768
T:61441 | CH:0 | PC:000 | VOLUME val:10
T:61441 | CH:0 | PC:002 | INST id:0
T:61441 | CH:0 | PC:004 | NOTE C-4 wait:768
T:61441 | CH:1 | PC:000 | VOLUME val:8
T:61441 | CH:1 | PC:002 | INST id:0
T:61441 | CH:1 | PC:004 | NOTE E-4 wait:768
T:62209 | CH:0 | PC:007 | NOTE D-4 wait:768
T:62209 | CH:1 | PC:007 | NOTE G-4 wait:768
T:62977 | CH:0 | PC:00A | NOTE E-4 wait:768
T:62977 | CH:1 | PC:000 | VOLUME val:8
T:62977 | CH:1 | PC:002 | INST id:0
T:62977 | CH:1 | PC:004 | NOTE E-4 wait:768
T:63745 | CH:0 | PC:00D | NOTE F-4 wait:768
T:63745 | CH:1 | PC:007 | NOTE G-4 wait:768
T:64513 | CH:0 | PC:000 | VOLUME val:10
T:64513 | CH:0 | PC:002 | INST id:0
T:64513 | CH:0 | PC:004 | NOTE C-4 wait:768
T:64513 | CH:1 | PC:000 | VOLUME val:8
T:64513 | CH:1 | PC:002 | INST id:0
T:64513 | CH:1 | PC:004 | NOTE E-4 wait:768
T:65281 | CH:0 | PC:007 | NOTE D-4 wait:768
T:65281 | CH:1 | PC:007 | NOTE G-4 wait:768
T:66049 | CH:0 | PC:00A | NOTE E-4 wait:768
T:66049 | CH:1 | PC:000 | VOLUME val:8
T:66049 | CH:1 | PC:002 | INST id:0
T:66049 | CH:1 | PC:004 | NOTE E-4 wait:768
T:66817 | CH:0 | PC:00D | NOTE F-4 wait:768
T:66817 | CH:1 | PC:007 | NOTE G-4 wait:768
T:67585 | CH:0 | PC:000 | VOLUME val:10
T:67585 | CH:0 | PC:002 | INST id:0
T:67585 | CH:0 | PC:004 | NOTE C-4 wait:768
T:67585 | CH:1 | PC:000 | VOLUME val:8
T:67585 | CH:1 | PC:002 | INST id:0
T:67585 | CH:1 | PC:004 | NOTE E-4 wait:768
T:68353 | CH:0 | PC:007 | NOTE D-4 wait:768
T:68353 | CH:1 | PC:007 | NOTE G-4 wait:768
T:69121 | CH:0 | PC:00A | NOTE E-4 wait:768
T:69121 | CH:1 | PC:000 | VOLUME val:8
T:69121 | CH:1 | PC:002 | INST id:0
T:69121 | CH:1 | PC:004 | NOTE E-4 wait:768
T:69889 | CH:0 | PC:00D | NOTE F-4 wait:768
T:69889 | CH:1 | PC:007 | NOTE G-4 wait:768
T:70657 | CH:0 | PC:000 | VOLUME val:10
T:70657 | CH:0 | PC:002 | INST id:0
T:70657 | CH:0 | PC:004 | NOTE C-4 wait:768
T:70657 | CH:1 | PC:000 | VOLUME val:8
T:70657 | CH:1 | PC:002 | INST id:0
T:70657 | CH:1 | PC:004 | NOTE E-4 wait:768
T:71425 | CH:0 | PC:007 | NOTE D-4 wait:768
T:71425 | CH:1 | PC:007 | NOTE G-4 wait:768
T:72193 | CH:0 | PC:00A | NOTE E-4 wait:768
T:72193 | CH:1 | PC:000 | VOLUME val:8
T:72193 | CH:1 | PC:002 | INST id:0
T:72193 | CH:1 | PC:004 | NOTE E-4 wait:768
T:72961 | CH:0 | PC:00D | NOTE F-4 wait:768
T:72961 | CH:1 | PC:007 | NOTE G-4 wait:768
T:73729 | CH:0 | PC:000 | VOLUME val:10
T:73729 | CH:0 | PC:002 | INST id:0
T:73729 | CH:0 | PC:004 | NOTE C-4 wait:768
T:73729 | CH:1 | PC:000 | VOLUME val:8
T:73729 | CH:1 | PC:002 | INST id:0
T:73729 | CH:1 | PC:004 | NOTE E-4 wait:768
T:74497 | CH:0 | PC:007 | NOTE D-4 wait:768
T:74497 | CH:1 | PC:007 | NOTE G-4 wait:768
T:75265 | CH:0 | PC:00A | NOTE E-4 wait:768
T:75265 | CH:1 | PC:000 | VOLUME val:8
T:75265 | CH:1 | PC:002 | INST id:0
T:75265 | CH:1 | PC:004 | NOTE E-4 wait:768
T:76033 | CH:0 | PC:00D | NOTE F-4 wait:768
T:76033 | CH:1 | PC:007 | NOTE G-4 wait:768
T:76801 | CH:0 | PC:000 | VOLUME val:10
T:76801 | CH:0 | PC:002 | INST id:0
T:76801 | CH:0 | PC:004 | NOTE C-4 wait:768
T:76801 | CH:1 | PC:000 | VOLUME val:8
T:76801 | CH:1 | PC:002 | INST id:0
T:76801 | CH:1 | PC:004 | NOTE E-4 wait:768
T:77569 | CH:0 | PC:007 | NOTE D-4 wait:768
T:77569 | CH:1 | PC:007 | NOTE G-4 wait:768
